<?xml version="1.0" encoding="UTF-8"?>
<!-- Generated by org.testng.reporters.JUnitXMLReporter -->
<testsuite ignored="6" hostname="DESKTOP-IPELP4C" failures="0" tests="1" name="Default test" time="112.054" errors="0" timestamp="2023-12-19T17:36:13 EET">
  <testcase classname="Almosafer.TestCases" name="changeLanguageOfTheWebsite" time="94.589"/>
  <testcase classname="Almosafer.TestCases" name="CheckTheContactNum" time="0.0">
    <ignored/>
  </testcase> <!-- CheckTheContactNum -->
  <testcase classname="Almosafer.TestCases" name="ChekTheCurrency" time="0.0">
    <ignored/>
  </testcase> <!-- ChekTheCurrency -->
  <testcase classname="Almosafer.TestCases" name="CheckLanguage" time="0.0">
    <ignored/>
  </testcase> <!-- CheckLanguage -->
  <testcase classname="Almosafer.TestCases" name="CheckQitafLogo" time="0.0">
    <ignored/>
  </testcase> <!-- CheckQitafLogo -->
  <testcase classname="Almosafer.TestCases" name="HotelTabIsNotSelected" time="0.0">
    <ignored/>
  </testcase> <!-- HotelTabIsNotSelected -->
  <testcase classname="Almosafer.TestCases" name="CheckTheDepatureAndArrivalDate" time="0.0">
    <ignored/>
  </testcase> <!-- CheckTheDepatureAndArrivalDate -->
</testsuite> <!-- Default test -->
