<?xml version="1.0" encoding="UTF-8"?>
<!-- Generated by org.testng.reporters.JUnitXMLReporter -->
<testsuite ignored="3" hostname="DESKTOP-IPELP4C" failures="0" tests="1" name="Default test" time="16.014" errors="0" timestamp="2023-12-26T17:03:32 EET">
  <testcase classname="Almosafer.TestCases" name="CheckLogoApple" time="2.009"/>
  <testcase classname="Almosafer.TestCases" name="changeLanguageOfTheWebsite" time="0.0">
    <ignored/>
  </testcase> <!-- changeLanguageOfTheWebsite -->
  <testcase classname="Almosafer.TestCases" name="HotelTabIsNotSelected" time="0.0">
    <ignored/>
  </testcase> <!-- HotelTabIsNotSelected -->
  <testcase classname="Almosafer.TestCases" name="CheckTheDepatureAndArrivalDate" time="0.0">
    <ignored/>
  </testcase> <!-- CheckTheDepatureAndArrivalDate -->
</testsuite> <!-- Default test -->
