<?xml version="1.0" encoding="UTF-8"?>
<testng-results ignored="6" total="7" passed="1" failed="0" skipped="0">
  <reporter-output>
  </reporter-output>
  <suite started-at="2023-12-19T17:34:21 EET" name="Default suite" finished-at="2023-12-19T17:36:13 EET" duration-ms="112054">
    <groups>
    </groups>
    <test started-at="2023-12-19T17:34:21 EET" name="Default test" finished-at="2023-12-19T17:36:13 EET" duration-ms="112054">
      <class name="Almosafer.TestCases">
        <test-method is-config="true" signature="Setup()[pri:0, instance:Almosafer.TestCases@4d098f9b]" started-at="2023-12-19T17:34:21 EET" name="Setup" finished-at="2023-12-19T17:34:38 EET" duration-ms="16952" status="PASS">
          <reporter-output>
          </reporter-output>
        </test-method> <!-- Setup -->
        <test-method signature="changeLanguageOfTheWebsite()[pri:0, instance:Almosafer.TestCases@4d098f9b]" started-at="2023-12-19T17:34:38 EET" name="changeLanguageOfTheWebsite" finished-at="2023-12-19T17:36:13 EET" duration-ms="94589" status="PASS">
          <reporter-output>
          </reporter-output>
        </test-method> <!-- changeLanguageOfTheWebsite -->
        <test-method is-config="true" signature="endTest()[pri:0, instance:Almosafer.TestCases@4d098f9b]" started-at="2023-12-19T17:36:13 EET" name="endTest" finished-at="2023-12-19T17:36:13 EET" duration-ms="1" status="PASS">
          <reporter-output>
          </reporter-output>
        </test-method> <!-- endTest -->
      </class> <!-- Almosafer.TestCases -->
    </test> <!-- Default test -->
  </suite> <!-- Default suite -->
</testng-results>
