<?xml version="1.0" encoding="UTF-8"?>
<testng-results ignored="3" total="4" passed="1" failed="0" skipped="0">
  <reporter-output>
  </reporter-output>
  <suite started-at="2023-12-26T17:03:16 EET" name="Default suite" finished-at="2023-12-26T17:03:32 EET" duration-ms="16014">
    <groups>
    </groups>
    <test started-at="2023-12-26T17:03:16 EET" name="Default test" finished-at="2023-12-26T17:03:32 EET" duration-ms="16014">
      <class name="Almosafer.TestCases">
        <test-method is-config="true" signature="Setup()[pri:0, instance:Almosafer.TestCases@7e3060d8]" started-at="2023-12-26T17:03:16 EET" name="Setup" finished-at="2023-12-26T17:03:29 EET" duration-ms="13673" status="PASS">
          <reporter-output>
          </reporter-output>
        </test-method> <!-- Setup -->
        <test-method signature="CheckLogoApple()[pri:0, instance:Almosafer.TestCases@7e3060d8]" started-at="2023-12-26T17:03:30 EET" name="CheckLogoApple" finished-at="2023-12-26T17:03:32 EET" duration-ms="2009" status="PASS">
          <reporter-output>
          </reporter-output>
        </test-method> <!-- CheckLogoApple -->
        <test-method is-config="true" signature="endTest()[pri:0, instance:Almosafer.TestCases@7e3060d8]" started-at="2023-12-26T17:03:32 EET" name="endTest" finished-at="2023-12-26T17:03:32 EET" duration-ms="1" status="PASS">
          <reporter-output>
          </reporter-output>
        </test-method> <!-- endTest -->
      </class> <!-- Almosafer.TestCases -->
    </test> <!-- Default test -->
  </suite> <!-- Default suite -->
</testng-results>
